This is pdfTeX, Version 3.141592653-2.6-1.40.22 (TeX Live 2022/dev/Debian) (preloaded format=pdflatex 2026.2.10)  12 JUL 2026 14:57
entering extended mode
 restricted \write18 enabled.
 file:line:error style messages enabled.
 %&-line parsing enabled.
**/home/uav/11gsytset/0A_LYX_CODE/PAPER/swarm/swarmtex/CJA_swarm/cja_submission_english/newswarm_cja_english
(/home/uav/11gsytset/0A_LYX_CODE/PAPER/swarm/swarmtex/CJA_swarm/cja_submission_english/newswarm_cja_english.tex
LaTeX2e <2021-11-15> patch level 1
L3 programming layer <2022-01-21> (./cja.cls
Document Class: cja 2021/05/01, 1.0: Chinese Journal of Aeronautics
(/usr/share/texlive/texmf-dist/tex/latex/l3kernel/expl3.sty
Package: expl3 2022-01-21 L3 programming layer (loader) 
 (/usr/share/texlive/texmf-dist/tex/latex/l3backend/l3backend-pdftex.def
File: l3backend-pdftex.def 2022-01-12 L3 backend support: PDF output (pdfTeX)
\l__color_backend_stack_int=\count185
\l__pdf_internal_box=\box50
)) (/usr/share/texlive/texmf-dist/tex/latex/l3packages/xparse/xparse.sty
Package: xparse 2022-01-12 L3 Experimental document command parser
) (/usr/share/texlive/texmf-dist/tex/latex/etoolbox/etoolbox.sty
Package: etoolbox 2020/10/05 v2.5k e-TeX tools for LaTeX (JAW)
\etb@tempcnta=\count186
)
\@bls=\dimen138
 (/usr/share/texlive/texmf-dist/tex/latex/base/article.cls
Document Class: article 2021/10/04 v1.4n Standard LaTeX document class
(/usr/share/texlive/texmf-dist/tex/latex/base/size10.clo
File: size10.clo 2021/10/04 v1.4n Standard LaTeX file (size option)
)
\c@part=\count187
\c@section=\count188
\c@subsection=\count189
\c@subsubsection=\count190
\c@paragraph=\count191
\c@subparagraph=\count192
\c@figure=\count193
\c@table=\count194
\abovecaptionskip=\skip47
\belowcaptionskip=\skip48
\bibindent=\dimen139
) (/usr/share/texlive/texmf-dist/tex/generic/iftex/iftex.sty
Package: iftex 2020/03/06 v1.0d TeX engine tests
) (/usr/share/texlive/texmf-dist/tex/latex/filehook/filehook.sty
Package: filehook 2020/09/29 v0.8a Hooks for input files
 (/usr/share/texlive/texmf-dist/tex/latex/filehook/filehook-2020.sty
Package: filehook-2020 2020/09/29 v0.8a Hooks for input files
)) (/usr/share/texlive/texmf-dist/tex/latex/geometry/geometry.sty
Package: geometry 2020/01/02 v5.9 Page Geometry
 (/usr/share/texlive/texmf-dist/tex/latex/graphics/keyval.sty
Package: keyval 2014/10/28 v1.15 key=value parser (DPC)
\KV@toks@=\toks16
) (/usr/share/texlive/texmf-dist/tex/generic/iftex/ifvtex.sty
Package: ifvtex 2019/10/25 v1.7 ifvtex legacy package. Use iftex instead.
)
\Gm@cnth=\count195
\Gm@cntv=\count196
\c@Gm@tempcnt=\count197
\Gm@bindingoffset=\dimen140
\Gm@wd@mp=\dimen141
\Gm@odd@mp=\dimen142
\Gm@even@mp=\dimen143
\Gm@layoutwidth=\dimen144
\Gm@layoutheight=\dimen145
\Gm@layouthoffset=\dimen146
\Gm@layoutvoffset=\dimen147
\Gm@dimlist=\toks17
) (/usr/share/texlive/texmf-dist/tex/latex/fancyhdr/fancyhdr.sty
Package: fancyhdr 2021/01/28 v4.0.1 Extensive control of page headers and footers
\f@nch@headwidth=\skip49
\f@nch@O@elh=\skip50
\f@nch@O@erh=\skip51
\f@nch@O@olh=\skip52
\f@nch@O@orh=\skip53
\f@nch@O@elf=\skip54
\f@nch@O@erf=\skip55
\f@nch@O@olf=\skip56
\f@nch@O@orf=\skip57
) (/usr/share/texlive/texmf-dist/tex/latex/caption/caption.sty
Package: caption 2020/10/26 v3.5g Customizing captions (AR)
 (/usr/share/texlive/texmf-dist/tex/latex/caption/caption3.sty
Package: caption3 2020/10/21 v2.2e caption3 kernel (AR)
\captionmargin=\dimen148
\captionmargin@=\dimen149
\captionwidth=\dimen150
\caption@tempdima=\dimen151
\caption@indent=\dimen152
\caption@parindent=\dimen153
\caption@hangindent=\dimen154
Package caption Info: Standard document class detected.
)
\c@caption@flags=\count198
\c@continuedfloat=\count199
) (/usr/share/texlive/texmf-dist/tex/latex/amsmath/amsmath.sty
Package: amsmath 2021/10/15 v2.17l AMS math features
\@mathmargin=\skip58

For additional information on amsmath, use the `?' option.
(/usr/share/texlive/texmf-dist/tex/latex/amsmath/amstext.sty
Package: amstext 2021/08/26 v2.01 AMS text
 (/usr/share/texlive/texmf-dist/tex/latex/amsmath/amsgen.sty
File: amsgen.sty 1999/11/30 v2.0 generic functions
\@emptytoks=\toks18
\ex@=\dimen155
)) (/usr/share/texlive/texmf-dist/tex/latex/amsmath/amsbsy.sty
Package: amsbsy 1999/11/29 v1.2d Bold Symbols
\pmbraise@=\dimen156
) (/usr/share/texlive/texmf-dist/tex/latex/amsmath/amsopn.sty
Package: amsopn 2021/08/26 v2.02 operator names
)
\inf@bad=\count266
LaTeX Info: Redefining \frac on input line 234.
\uproot@=\count267
\leftroot@=\count268
LaTeX Info: Redefining \overline on input line 399.
\classnum@=\count269
\DOTSCASE@=\count270
LaTeX Info: Redefining \ldots on input line 496.
LaTeX Info: Redefining \dots on input line 499.
LaTeX Info: Redefining \cdots on input line 620.
\Mathstrutbox@=\box51
\strutbox@=\box52
\big@size=\dimen157
LaTeX Font Info:    Redeclaring font encoding OML on input line 743.
LaTeX Font Info:    Redeclaring font encoding OMS on input line 744.
\macc@depth=\count271
\c@MaxMatrixCols=\count272
\dotsspace@=\muskip16
\c@parentequation=\count273
\dspbrk@lvl=\count274
\tag@help=\toks19
\row@=\count275
\column@=\count276
\maxfields@=\count277
\andhelp@=\toks20
\eqnshift@=\dimen158
\alignsep@=\dimen159
\tagshift@=\dimen160
\tagwidth@=\dimen161
\totwidth@=\dimen162
\lineht@=\dimen163
\@envbody=\toks21
\multlinegap=\skip59
\multlinetaggap=\skip60
\mathdisplay@stack=\toks22
LaTeX Info: Redefining \[ on input line 2938.
LaTeX Info: Redefining \] on input line 2939.
) (/usr/share/texlive/texmf-dist/tex/latex/sttools/flushend.sty
Package: flushend 2021/10/04 v4.0 Balancing columns in twocolumn mode
\flushend@@lastskip@a=\skip61
\flushend@@lastskip@b=\skip62
\flushend@@lastnode=\count278
\var@@loop@iter=\count279
\var@@temp@spread=\dimen164
\var@@temp@a=\dimen165
\var@@temp@loop=\dimen166
\flushend@@page@rule=\dimen167
\flushend@@varbox@lastpage=\box53
\flushend@@varbox@a=\box54
\flushend@@varbox@c=\box55
\flushend@@tempbox@a=\box56
\flushend@@tempbox@c=\box57
\flushend@@floatbox=\box58
\@viper=\box59
\hold@viper=\box60
\atColsBreak=\toks23
\atColsEnd=\toks24
\oldbreak@skip=\dimen168
) (/usr/share/texlive/texmf-dist/tex/latex/graphics/graphicx.sty
Package: graphicx 2021/09/16 v1.2d Enhanced LaTeX Graphics (DPC,SPQR)
 (/usr/share/texlive/texmf-dist/tex/latex/graphics/graphics.sty
Package: graphics 2021/03/04 v1.4d Standard LaTeX Graphics (DPC,SPQR)
 (/usr/share/texlive/texmf-dist/tex/latex/graphics/trig.sty
Package: trig 2021/08/11 v1.11 sin cos tan (DPC)
) (/usr/share/texlive/texmf-dist/tex/latex/graphics-cfg/graphics.cfg
File: graphics.cfg 2016/06/04 v1.11 sample graphics configuration
)
Package graphics Info: Driver file: pdftex.def on input line 107.
 (/usr/share/texlive/texmf-dist/tex/latex/graphics-def/pdftex.def
File: pdftex.def 2020/10/05 v1.2a Graphics/color driver for pdftex
))
\Gin@req@height=\dimen169
\Gin@req@width=\dimen170
) (/usr/share/texlive/texmf-dist/tex/latex/xcolor/xcolor.sty
Package: xcolor 2021/10/31 v2.13 LaTeX color extensions (UK)
 (/usr/share/texlive/texmf-dist/tex/latex/graphics-cfg/color.cfg
File: color.cfg 2016/01/02 v1.6 sample color configuration
)
Package xcolor Info: Driver file: pdftex.def on input line 227.
Package xcolor Info: Model `cmy' substituted by `cmy0' on input line 1352.
Package xcolor Info: Model `hsb' substituted by `rgb' on input line 1356.
Package xcolor Info: Model `RGB' extended on input line 1368.
Package xcolor Info: Model `HTML' substituted by `rgb' on input line 1370.
Package xcolor Info: Model `Hsb' substituted by `hsb' on input line 1371.
Package xcolor Info: Model `tHsb' substituted by `hsb' on input line 1372.
Package xcolor Info: Model `HSB' substituted by `hsb' on input line 1373.
Package xcolor Info: Model `Gray' substituted by `gray' on input line 1374.
Package xcolor Info: Model `wave' substituted by `hsb' on input line 1375.
) (/usr/share/texlive/texmf-dist/tex/latex/url/url.sty
\Urlmuskip=\muskip17
Package: url 2013/09/16  ver 3.4  Verb mode for urls, etc.
) (/usr/share/texlive/texmf-dist/tex/latex/newtx/newtxtext.sty
Package: newtxtext 2022/01/11 v1.705(Michael Sharpe) latex and unicode latex support for TeXGyreTermesX
 `newtxtext' v1.705, 2022/01/11 Text macros taking advantage of TeXGyre Termes and its extensions (msharpe) (/usr/share/texlive/texmf-dist/tex/latex/base/fontenc.sty
Package: fontenc 2021/04/29 v2.0v Standard LaTeX package
) (/usr/share/texlive/texmf-dist/tex/generic/iftex/ifxetex.sty
Package: ifxetex 2019/10/25 v0.7 ifxetex legacy package. Use iftex instead.
) (/usr/share/texlive/texmf-dist/tex/generic/iftex/ifluatex.sty
Package: ifluatex 2019/10/25 v1.5 ifluatex legacy package. Use iftex instead.
) (/usr/share/texlive/texmf-dist/tex/latex/xkeyval/xkeyval.sty
Package: xkeyval 2020/11/20 v2.8 package option processing (HA)
 (/usr/share/texlive/texmf-dist/tex/generic/xkeyval/xkeyval.tex (/usr/share/texlive/texmf-dist/tex/generic/xkeyval/xkvutils.tex
\XKV@toks=\toks25
\XKV@tempa@toks=\toks26
)
\XKV@depth=\count280
File: xkeyval.tex 2014/12/03 v2.7a key=value parser (HA)
)) (/usr/share/texlive/texmf-dist/tex/latex/base/textcomp.sty
Package: textcomp 2020/02/02 v2.0n Standard LaTeX package
) (/usr/share/texlive/texmf-dist/tex/generic/xstring/xstring.sty (/usr/share/texlive/texmf-dist/tex/generic/xstring/xstring.tex
\integerpart=\count281
\decimalpart=\count282
)
Package: xstring 2021/07/21 v1.84 String manipulations (CT)
) (/usr/share/texlive/texmf-dist/tex/latex/base/ifthen.sty
Package: ifthen 2020/11/24 v1.1c Standard LaTeX ifthen package (DPC)
) (/usr/share/texlive/texmf-dist/tex/latex/carlisle/scalefnt.sty)
LaTeX Font Info:    Setting ntxLF sub-encoding to TS1/0 on input line 27.
LaTeX Font Info:    Setting ntxTLF sub-encoding to TS1/0 on input line 27.
LaTeX Font Info:    Setting ntxOsF sub-encoding to TS1/0 on input line 27.
LaTeX Font Info:    Setting ntxTOsF sub-encoding to TS1/0 on input line 27.
 (/usr/share/texlive/texmf-dist/tex/generic/kastrup/binhex.tex)
\ntx@tmpcnta=\count283
\ntx@cnt=\count284
 (/usr/share/texlive/texmf-dist/tex/latex/fontaxes/fontaxes.sty
Package: fontaxes 2020/07/21 v1.0e Font selection axes
LaTeX Info: Redefining \upshape on input line 29.
LaTeX Info: Redefining \itshape on input line 31.
LaTeX Info: Redefining \slshape on input line 33.
LaTeX Info: Redefining \swshape on input line 35.
LaTeX Info: Redefining \scshape on input line 37.
LaTeX Info: Redefining \sscshape on input line 39.
LaTeX Info: Redefining \ulcshape on input line 41.
LaTeX Info: Redefining \textsw on input line 47.
LaTeX Info: Redefining \textssc on input line 48.
LaTeX Info: Redefining \textulc on input line 49.
)
LaTeX Info: Redefining \textsu on input line 541.
LaTeX Info: Redefining \oldstylenums on input line 631.
) (/usr/share/texlive/texmf-dist/tex/latex/newtx/newtxmath.sty
Package: newtxmath 2021/12/18 v1.7
 `newtxmath' v1.7, 2021/12/18 Math macros based originally on txfonts (msharpe) (/usr/share/texlive/texmf-dist/tex/latex/oberdiek/centernot.sty
Package: centernot 2016/05/16 v1.4 Centers the not symbol horizontally (HO)
)
\tx@cntz=\count285
 (/usr/share/texlive/texmf-dist/tex/generic/kastrup/binhex.tex)
\tx@Isdigit=\count286
\tx@IsAlNum=\count287
\tx@tA=\toks27
\tx@tB=\toks28
\tx@su=\read2

amsthm NOT loaded
LaTeX Font Info:    Redeclaring symbol font `operators' on input line 373.
LaTeX Font Info:    Overwriting symbol font `operators' in version `normal'
(Font)                  OT1/cmr/m/n --> OT1/ntxtlf/m/n on input line 373.
LaTeX Font Info:    Overwriting symbol font `operators' in version `bold'
(Font)                  OT1/cmr/bx/n --> OT1/ntxtlf/m/n on input line 373.
LaTeX Font Info:    Overwriting symbol font `operators' in version `bold'
(Font)                  OT1/ntxtlf/m/n --> OT1/ntxtlf/b/n on input line 374.
LaTeX Font Info:    Redeclaring math alphabet \mathsf on input line 380.
LaTeX Font Info:    Overwriting math alphabet `\mathsf' in version `normal'
(Font)                  OT1/cmss/m/n --> T1/qhv/m/n on input line 380.
LaTeX Font Info:    Overwriting math alphabet `\mathsf' in version `bold'
(Font)                  OT1/cmss/bx/n --> T1/qhv/m/n on input line 380.
LaTeX Font Info:    Redeclaring math alphabet \mathit on input line 381.
LaTeX Font Info:    Overwriting math alphabet `\mathit' in version `normal'
(Font)                  OT1/cmr/m/it --> OT1/ntxtlf/m/it on input line 381.
LaTeX Font Info:    Overwriting math alphabet `\mathit' in version `bold'
(Font)                  OT1/cmr/bx/it --> OT1/ntxtlf/m/it on input line 381.
LaTeX Font Info:    Redeclaring math alphabet \mathtt on input line 382.
LaTeX Font Info:    Overwriting math alphabet `\mathtt' in version `normal'
(Font)                  OT1/cmtt/m/n --> T1/ntxtt/m/n on input line 382.
LaTeX Font Info:    Overwriting math alphabet `\mathtt' in version `bold'
(Font)                  OT1/cmtt/m/n --> T1/ntxtt/m/n on input line 382.
LaTeX Font Info:    Redeclaring math alphabet \mathbf on input line 384.
LaTeX Font Info:    Overwriting math alphabet `\mathbf' in version `normal'
(Font)                  OT1/cmr/bx/n --> OT1/ntxtlf/b/n on input line 384.
LaTeX Font Info:    Overwriting math alphabet `\mathbf' in version `bold'
(Font)                  OT1/cmr/bx/n --> OT1/ntxtlf/b/n on input line 384.
LaTeX Font Info:    Overwriting math alphabet `\mathit' in version `bold'
(Font)                  OT1/ntxtlf/m/it --> OT1/ntxtlf/b/it on input line 385.
LaTeX Font Info:    Overwriting math alphabet `\mathsf' in version `bold'
(Font)                  T1/qhv/m/n --> T1/qhv/b/n on input line 386.
LaTeX Font Info:    Overwriting math alphabet `\mathtt' in version `bold'
(Font)                  T1/ntxtt/m/n --> T1/ntxtt/b/n on input line 387.
LaTeX Font Info:    Redeclaring symbol font `letters' on input line 488.
LaTeX Font Info:    Overwriting symbol font `letters' in version `normal'
(Font)                  OML/cmm/m/it --> OML/ntxmi/m/it on input line 488.
LaTeX Font Info:    Overwriting symbol font `letters' in version `bold'
(Font)                  OML/cmm/b/it --> OML/ntxmi/m/it on input line 488.
LaTeX Font Info:    Overwriting symbol font `letters' in version `bold'
(Font)                  OML/ntxmi/m/it --> OML/ntxmi/b/it on input line 489.
\symlettersA=\mathgroup4
LaTeX Font Info:    Overwriting symbol font `lettersA' in version `bold'
(Font)                  U/ntxmia/m/it --> U/ntxmia/b/it on input line 544.
Now handling font encoding LMS ...
... no UTF-8 mapping file for font encoding LMS
LaTeX Font Info:    Redeclaring symbol font `symbols' on input line 565.
LaTeX Font Info:    Encoding `OMS' has changed to `LMS' for symbol font
(Font)              `symbols' in the math version `normal' on input line 565.
LaTeX Font Info:    Overwriting symbol font `symbols' in version `normal'
(Font)                  OMS/cmsy/m/n --> LMS/ntxsy/m/n on input line 565.
LaTeX Font Info:    Encoding `OMS' has changed to `LMS' for symbol font
(Font)              `symbols' in the math version `bold' on input line 565.
LaTeX Font Info:    Overwriting symbol font `symbols' in version `bold'
(Font)                  OMS/cmsy/b/n --> LMS/ntxsy/m/n on input line 565.
LaTeX Font Info:    Overwriting symbol font `symbols' in version `bold'
(Font)                  LMS/ntxsy/m/n --> LMS/ntxsy/b/n on input line 566.
\symAMSm=\mathgroup5
LaTeX Font Info:    Overwriting symbol font `AMSm' in version `bold'
(Font)                  U/ntxsym/m/n --> U/ntxsym/b/n on input line 591.
\symsymbolsC=\mathgroup6
LaTeX Font Info:    Overwriting symbol font `symbolsC' in version `bold'
(Font)                  U/ntxsyc/m/n --> U/ntxsyc/b/n on input line 612.
Now handling font encoding LMX ...
... no UTF-8 mapping file for font encoding LMX
LaTeX Font Info:    Redeclaring symbol font `largesymbols' on input line 625.
LaTeX Font Info:    Encoding `OMX' has changed to `LMX' for symbol font
(Font)              `largesymbols' in the math version `normal' on input line 625.
LaTeX Font Info:    Overwriting symbol font `largesymbols' in version `normal'
(Font)                  OMX/cmex/m/n --> LMX/ntxexx/m/n on input line 625.
LaTeX Font Info:    Encoding `OMX' has changed to `LMX' for symbol font
(Font)              `largesymbols' in the math version `bold' on input line 625.
LaTeX Font Info:    Overwriting symbol font `largesymbols' in version `bold'
(Font)                  OMX/cmex/m/n --> LMX/ntxexx/m/n on input line 625.
LaTeX Font Info:    Overwriting symbol font `largesymbols' in version `bold'
(Font)                  LMX/ntxexx/m/n --> LMX/ntxexx/b/n on input line 626.
\symlargesymbolsTXA=\mathgroup7
LaTeX Font Info:    Overwriting symbol font `largesymbolsTXA' in version `bold'
(Font)                  U/ntxexa/m/n --> U/ntxexa/b/n on input line 640.
\tx@sbptoks=\toks29
LaTeX Font Info:    Redeclaring math delimiter \lfloor on input line 863.
LaTeX Font Info:    Redeclaring math delimiter \rfloor on input line 864.
LaTeX Font Info:    Redeclaring math delimiter \lceil on input line 865.
LaTeX Font Info:    Redeclaring math delimiter \rceil on input line 866.
LaTeX Font Info:    Redeclaring math delimiter \lbrace on input line 867.
LaTeX Font Info:    Redeclaring math delimiter \rbrace on input line 868.
LaTeX Font Info:    Redeclaring math delimiter \langle on input line 869.
LaTeX Font Info:    Redeclaring math delimiter \rangle on input line 871.
LaTeX Font Info:    Redeclaring math delimiter \arrowvert on input line 875.
LaTeX Font Info:    Redeclaring math delimiter \vert on input line 876.
LaTeX Font Info:    Redeclaring math symbol \hbar on input line 922.
LaTeX Font Info:    Redeclaring math accent \dot on input line 947.
LaTeX Font Info:    Redeclaring math accent \ddot on input line 948.
LaTeX Font Info:    Redeclaring math accent \vec on input line 2017.
LaTeX Info: Redefining \Bbbk on input line 2807.
LaTeX Info: Redefining \not on input line 2956.
)
LaTeX Info: Command `\normalsize' is already robust on input line 206.
LaTeX Info: Redefining \small on input line 208.
LaTeX Info: Redefining \footnotesize on input line 219.
\c@tnote=\count288
\c@fnote=\count289
\c@cnote=\count290
\c@ead=\count291
\c@author=\count292
\@eadauthor=\toks30
\c@affn=\count293
\absbox=\box61
\@dimen=\dimen171
\elsarticlehighlightsbox=\box62
\elsarticlegrabsbox=\box63
\keybox=\box64
\Columnwidth=\dimen172
\space@left=\dimen173
\els@boxa=\box65
\els@boxb=\box66
\leftMargin=\dimen174
\@enLab=\toks31
\@sep=\skip63
\@@sep=\skip64
 (/usr/share/texlive/texmf-dist/tex/latex/natbib/natbib.sty
Package: natbib 2010/09/13 8.31b (PWD, AO)
\bibhang=\skip65
\bibsep=\skip66
LaTeX Info: Redefining \cite on input line 694.
\c@NAT@ctr=\count294
) (/usr/share/texlive/texmf-dist/tex/latex/base/fleqn.clo
File: fleqn.clo 2016/12/29 v1.2b Standard LaTeX option (flush left equations)
\mathindent=\skip67
Applying: [2015/01/01] Make \[ robust on input line 50.
LaTeX Info: Redefining \[ on input line 51.
Already applied: [0000/00/00] Make \[ robust on input line 62.
Applying: [2015/01/01] Make \] robust on input line 74.
LaTeX Info: Redefining \] on input line 75.
Already applied: [0000/00/00] Make \] robust on input line 83.
)
\appnamewidth=\dimen175
) (/usr/share/texlive/texmf-dist/tex/latex/tools/bm.sty
Package: bm 2021/04/25 v1.2e Bold Symbol Support (DPC/FMi)
\symboldoperators=\mathgroup8
\symboldletters=\mathgroup9
\symboldsymbols=\mathgroup10
\symboldlargesymbols=\mathgroup11
LaTeX Font Info:    Redeclaring math alphabet \mathbf on input line 149.
) (/usr/share/texlive/texmf-dist/tex/latex/booktabs/booktabs.sty
Package: booktabs 2020/01/12 v1.61803398 Publication quality tables
\heavyrulewidth=\dimen176
\lightrulewidth=\dimen177
\cmidrulewidth=\dimen178
\belowrulesep=\dimen179
\belowbottomsep=\dimen180
\aboverulesep=\dimen181
\abovetopsep=\dimen182
\cmidrulesep=\dimen183
\cmidrulekern=\dimen184
\defaultaddspace=\dimen185
\@cmidla=\count295
\@cmidlb=\count296
\@aboverulesep=\dimen186
\@belowrulesep=\dimen187
\@thisruleclass=\count297
\@lastruleclass=\count298
\@thisrulewidth=\dimen188
) (/usr/share/texlive/texmf-dist/tex/latex/tools/tabularx.sty
Package: tabularx 2020/01/15 v2.11c `tabularx' package (DPC)
 (/usr/share/texlive/texmf-dist/tex/latex/tools/array.sty
Package: array 2021/10/04 v2.5f Tabular extension package (FMi)
\col@sep=\dimen189
\ar@mcellbox=\box67
\extrarowheight=\dimen190
\NC@list=\toks32
\extratabsurround=\skip68
\backup@length=\skip69
\ar@cellbox=\box68
)
\TX@col@width=\dimen191
\TX@old@table=\dimen192
\TX@old@col=\dimen193
\TX@target=\dimen194
\TX@delta=\dimen195
\TX@cols=\count299
\TX@ftn=\toks33
) (/usr/share/texlive/texmf-dist/tex/latex/multirow/multirow.sty
Package: multirow 2021/03/15 v2.8 Span multiple rows of a table
\multirow@colwidth=\skip70
\multirow@cntb=\count300
\multirow@dima=\skip71
\bigstrutjot=\dimen196
) (/usr/share/texlive/texmf-dist/tex/latex/caption/subcaption.sty
Package: subcaption 2020/10/07 v1.3j Sub-captions (AR)
\c@subfigure=\count301
\c@subtable=\count302
) (/usr/share/texlive/texmf-dist/tex/latex/float/float.sty
Package: float 2001/11/08 v1.3d Float enhancements (AL)
\c@float@type=\count303
\float@exts=\toks34
\float@box=\box69
\@float@everytoks=\toks35
\@floatcapt=\box70
) (/usr/share/texlive/texmf-dist/tex/latex/mathtools/mathtools.sty
Package: mathtools 2021/02/02 v1.28 mathematical typesetting tools
 (/usr/share/texlive/texmf-dist/tex/latex/tools/calc.sty
Package: calc 2017/05/25 v4.3 Infix arithmetic (KKT,FJ)
\calc@Acount=\count304
\calc@Bcount=\count305
\calc@Adimen=\dimen197
\calc@Bdimen=\dimen198
\calc@Askip=\skip72
\calc@Bskip=\skip73
LaTeX Info: Redefining \setlength on input line 80.
LaTeX Info: Redefining \addtolength on input line 81.
\calc@Ccount=\count306
\calc@Cskip=\skip74
) (/usr/share/texlive/texmf-dist/tex/latex/mathtools/mhsetup.sty
Package: mhsetup 2021/03/18 v1.4 programming setup (MH)
)
\g_MT_multlinerow_int=\count307
\l_MT_multwidth_dim=\dimen199
\origjot=\skip75
\l_MT_shortvdotswithinadjustabove_dim=\dimen256
\l_MT_shortvdotswithinadjustbelow_dim=\dimen257
\l_MT_above_intertext_sep=\dimen258
\l_MT_below_intertext_sep=\dimen259
\l_MT_above_shortintertext_sep=\dimen260
\l_MT_below_shortintertext_sep=\dimen261
\xmathstrut@box=\box71
\xmathstrut@dim=\dimen262
) (/usr/share/texlive/texmf-dist/tex/latex/sttools/cuted.sty
Package: cuted 2021/10/04 v2.0 Mixing onecolumn and twocolumn modes
\At@ViperColsBreak=\toks36
\preCutedStrip=\toks37
\postCutedStrip=\toks38
\cuted@@tempbox@a=\box72
\cuted@@tempbox@c=\box73
\cuted@@tempbox@var=\box74
\cuted@@varbox@a=\box75
\cuted@@varbox@c=\box76
\cuted@@tempdim@spread=\dimen263
\cuted@@tempdim@a=\dimen264
\cuted@@tempdim@b=\dimen265
\ht@hold@viper=\dimen266
\ht@viper=\dimen267
\var@@pagediscards@ht=\dimen268
\stripsep=\skip76
\viper@penalty=\count308
) (/usr/share/texlive/texmf-dist/tex/latex/hyperref/hyperref.sty
Package: hyperref 2021-06-07 v7.00m Hypertext links for LaTeX
 (/usr/share/texlive/texmf-dist/tex/generic/ltxcmds/ltxcmds.sty
Package: ltxcmds 2020-05-10 v1.25 LaTeX kernel commands for general use (HO)
) (/usr/share/texlive/texmf-dist/tex/generic/pdftexcmds/pdftexcmds.sty
Package: pdftexcmds 2020-06-27 v0.33 Utility functions of pdfTeX for LuaTeX (HO)
 (/usr/share/texlive/texmf-dist/tex/generic/infwarerr/infwarerr.sty
Package: infwarerr 2019/12/03 v1.5 Providing info/warning/error messages (HO)
)
Package pdftexcmds Info: \pdf@primitive is available.
Package pdftexcmds Info: \pdf@ifprimitive is available.
Package pdftexcmds Info: \pdfdraftmode found.
) (/usr/share/texlive/texmf-dist/tex/generic/kvsetkeys/kvsetkeys.sty
Package: kvsetkeys 2019/12/15 v1.18 Key value parser (HO)
) (/usr/share/texlive/texmf-dist/tex/generic/kvdefinekeys/kvdefinekeys.sty
Package: kvdefinekeys 2019-12-19 v1.6 Define keys (HO)
) (/usr/share/texlive/texmf-dist/tex/generic/pdfescape/pdfescape.sty
Package: pdfescape 2019/12/09 v1.15 Implements pdfTeX's escape features (HO)
) (/usr/share/texlive/texmf-dist/tex/latex/hycolor/hycolor.sty
Package: hycolor 2020-01-27 v1.10 Color options for hyperref/bookmark (HO)
) (/usr/share/texlive/texmf-dist/tex/latex/letltxmacro/letltxmacro.sty
Package: letltxmacro 2019/12/03 v1.6 Let assignment for LaTeX macros (HO)
) (/usr/share/texlive/texmf-dist/tex/latex/auxhook/auxhook.sty
Package: auxhook 2019-12-17 v1.6 Hooks for auxiliary files (HO)
) (/usr/share/texlive/texmf-dist/tex/latex/kvoptions/kvoptions.sty
Package: kvoptions 2020-10-07 v3.14 Key value format for package options (HO)
)
\@linkdim=\dimen269
\Hy@linkcounter=\count309
\Hy@pagecounter=\count310
 (/usr/share/texlive/texmf-dist/tex/latex/hyperref/pd1enc.def
File: pd1enc.def 2021-06-07 v7.00m Hyperref: PDFDocEncoding definition (HO)
Now handling font encoding PD1 ...
... no UTF-8 mapping file for font encoding PD1
) (/usr/share/texlive/texmf-dist/tex/latex/hyperref/hyperref-langpatches.def
File: hyperref-langpatches.def 2021-06-07 v7.00m Hyperref: patches for babel languages
) (/usr/share/texlive/texmf-dist/tex/generic/intcalc/intcalc.sty
Package: intcalc 2019/12/15 v1.3 Expandable calculations with integers (HO)
) (/usr/share/texlive/texmf-dist/tex/generic/etexcmds/etexcmds.sty
Package: etexcmds 2019/12/15 v1.7 Avoid name clashes with e-TeX commands (HO)
)
\Hy@SavedSpaceFactor=\count311
 (/usr/share/texlive/texmf-dist/tex/latex/hyperref/puenc.def
File: puenc.def 2021-06-07 v7.00m Hyperref: PDF Unicode definition (HO)
Now handling font encoding PU ...
... no UTF-8 mapping file for font encoding PU
)
Package hyperref Info: Hyper figures OFF on input line 4192.
Package hyperref Info: Link nesting OFF on input line 4197.
Package hyperref Info: Hyper index ON on input line 4200.
Package hyperref Info: Plain pages OFF on input line 4207.
Package hyperref Info: Backreferencing OFF on input line 4212.
Package hyperref Info: Implicit mode ON; LaTeX internals redefined.
Package hyperref Info: Bookmarks ON on input line 4445.
\c@Hy@tempcnt=\count312
LaTeX Info: Redefining \url on input line 4804.
\XeTeXLinkMargin=\dimen270
 (/usr/share/texlive/texmf-dist/tex/generic/bitset/bitset.sty
Package: bitset 2019/12/09 v1.3 Handle bit-vector datatype (HO)
 (/usr/share/texlive/texmf-dist/tex/generic/bigintcalc/bigintcalc.sty
Package: bigintcalc 2019/12/15 v1.5 Expandable calculations on big integers (HO)
))
\Fld@menulength=\count313
\Field@Width=\dimen271
\Fld@charsize=\dimen272
Package hyperref Info: Hyper figures OFF on input line 6076.
Package hyperref Info: Link nesting OFF on input line 6081.
Package hyperref Info: Hyper index ON on input line 6084.
Package hyperref Info: backreferencing OFF on input line 6091.
Package hyperref Info: Link coloring OFF on input line 6096.
Package hyperref Info: Link coloring with OCG OFF on input line 6101.
Package hyperref Info: PDF/A mode OFF on input line 6106.
LaTeX Info: Redefining \ref on input line 6146.
LaTeX Info: Redefining \pageref on input line 6150.
 (/usr/share/texlive/texmf-dist/tex/latex/base/atbegshi-ltx.sty
Package: atbegshi-ltx 2021/01/10 v1.0c Emulation of the original atbegshi
package with kernel methods
)
\Hy@abspage=\count314
\c@Item=\count315
\c@Hfootnote=\count316
)
Package hyperref Info: Driver (autodetected): hpdftex.
 (/usr/share/texlive/texmf-dist/tex/latex/hyperref/hpdftex.def
File: hpdftex.def 2021-06-07 v7.00m Hyperref driver for pdfTeX
 (/usr/share/texlive/texmf-dist/tex/latex/base/atveryend-ltx.sty
Package: atveryend-ltx 2020/08/19 v1.0a Emulation of the original atveryend package
with kernel methods
)
\Fld@listcount=\count317
\c@bookmark@seq@number=\count318
 (/usr/share/texlive/texmf-dist/tex/latex/rerunfilecheck/rerunfilecheck.sty
Package: rerunfilecheck 2019/12/05 v1.9 Rerun checks for auxiliary files (HO)
 (/usr/share/texlive/texmf-dist/tex/generic/uniquecounter/uniquecounter.sty
Package: uniquecounter 2019/12/15 v1.4 Provide unlimited unique counter (HO)
)
Package uniquecounter Info: New unique counter `rerunfilecheck' on input line 286.
)
\Hy@SectionHShift=\skip77
) (/usr/share/texlive/texmf-dist/tex/latex/cleveref/cleveref.sty
Package: cleveref 2018/03/27 v0.21.4 Intelligent cross-referencing
Package cleveref Info: `hyperref' support loaded on input line 2370.
LaTeX Info: Redefining \cref on input line 2370.
LaTeX Info: Redefining \Cref on input line 2370.
LaTeX Info: Redefining \crefrange on input line 2370.
LaTeX Info: Redefining \Crefrange on input line 2370.
LaTeX Info: Redefining \cpageref on input line 2370.
LaTeX Info: Redefining \Cpageref on input line 2370.
LaTeX Info: Redefining \cpagerefrange on input line 2370.
LaTeX Info: Redefining \Cpagerefrange on input line 2370.
LaTeX Info: Redefining \labelcref on input line 2370.
LaTeX Info: Redefining \labelcpageref on input line 2370.
Package cleveref Info: always capitalise cross-reference names on input line 7830.
Package cleveref Info: include cross-reference names in hyperlinks on input line 7836.
Package cleveref Info: always capitalise cross-reference names on input line 7852.
Package cleveref Info: include cross-reference names in hyperlinks on input line 7852.
)
LaTeX Font Info:    Trying to load font information for T1+ntxtlf on input line 17.
 (/usr/share/texlive/texmf-dist/tex/latex/newtx/t1ntxtlf.fd
File: t1ntxtlf.fd 2021/05/24 v1.1 font definition file for T1/ntx/tlf
)
LaTeX Font Info:    Font shape `T1/ntxtlf/m/n' will be
(Font)              scaled to size 9.0pt on input line 17.
 (./newswarm_cja_english.aux)
\openout1 = `newswarm_cja_english.aux'.

LaTeX Font Info:    Checking defaults for OML/ntxmi/m/it on input line 17.
LaTeX Font Info:    Trying to load font information for OML+ntxmi on input line 17.
 (/usr/share/texlive/texmf-dist/tex/latex/newtx/omlntxmi.fd
File: omlntxmi.fd 2015/08/25 Fontinst v1.933 font definitions for OML/ntxmi.
)
LaTeX Font Info:    ... okay on input line 17.
LaTeX Font Info:    Checking defaults for OMS/cmsy/m/n on input line 17.
LaTeX Font Info:    ... okay on input line 17.
LaTeX Font Info:    Checking defaults for OT1/cmr/m/n on input line 17.
LaTeX Font Info:    ... okay on input line 17.
LaTeX Font Info:    Checking defaults for T1/cmr/m/n on input line 17.
LaTeX Font Info:    ... okay on input line 17.
LaTeX Font Info:    Checking defaults for TS1/cmr/m/n on input line 17.
LaTeX Font Info:    ... okay on input line 17.
LaTeX Font Info:    Checking defaults for OMX/cmex/m/n on input line 17.
LaTeX Font Info:    ... okay on input line 17.
LaTeX Font Info:    Checking defaults for U/ntxexa/m/n on input line 17.
LaTeX Font Info:    Trying to load font information for U+ntxexa on input line 17.
 (/usr/share/texlive/texmf-dist/tex/latex/newtx/untxexa.fd
File: untxexa.fd 2012/04/16 Fontinst v1.933 font definitions for U/ntxexa.
)
LaTeX Font Info:    ... okay on input line 17.
LaTeX Font Info:    Checking defaults for LMS/ntxsy/m/n on input line 17.
LaTeX Font Info:    Trying to load font information for LMS+ntxsy on input line 17.
 (/usr/share/texlive/texmf-dist/tex/latex/newtx/lmsntxsy.fd
File: lmsntxsy.fd 2016/07/02 Fontinst v1.933 font definitions for LMS/ntxsy.
)
LaTeX Font Info:    ... okay on input line 17.
LaTeX Font Info:    Checking defaults for LMX/ntxexx/m/n on input line 17.
LaTeX Font Info:    Trying to load font information for LMX+ntxexx on input line 17.
 (/usr/share/texlive/texmf-dist/tex/latex/newtx/lmxntxexx.fd
File: lmxntxexx.fd 2016/07/03 Fontinst v1.933 font definitions for LMX/ntxexx.
)
LaTeX Font Info:    ... okay on input line 17.
LaTeX Font Info:    Checking defaults for PD1/pdf/m/n on input line 17.
LaTeX Font Info:    ... okay on input line 17.
LaTeX Font Info:    Checking defaults for PU/pdf/m/n on input line 17.
LaTeX Font Info:    ... okay on input line 17.
Package hyperref Info: Option `colorlinks' set `true' on input line 17.

*geometry* driver: auto-detecting
*geometry* detected driver: pdftex
*geometry* verbose mode - [ preamble ] result:
* driver: pdftex
* paper: custom
* layout: <same size as paper>
* layoutoffset:(h,v)=(0.0pt,0.0pt)
* modes: twoside 
* h-part:(L,W,R)=(45.5244pt, 497.92325pt, 54.06023pt)
* v-part:(T,H,B)=(51.21495pt, 682.86615pt, 62.59605pt)
* \paperwidth=597.50787pt
* \paperheight=796.67715pt
* \textwidth=497.92325pt
* \textheight=682.86615pt
* \oddsidemargin=-26.74559pt
* \evensidemargin=-18.20976pt
* \topmargin=-78.16821pt
* \headheight=50.0pt
* \headsep=7.11317pt
* \topskip=10.0pt
* \footskip=14.22636pt
* \marginparwidth=65.0pt
* \marginparsep=11.0pt
* \columnsep=18.0pt
* \skip\footins=24.0pt
* \hoffset=0.0pt
* \voffset=0.0pt
* \mag=1000
* \@twocolumntrue
* \@twosidetrue
* \@mparswitchtrue
* \@reversemarginfalse
* (1in=72.27pt=25.4mm, 1cm=28.453pt)

Package caption Info: Begin \AtBeginDocument code.
Package caption Info: float package is loaded.
Package caption Info: hyperref package is loaded.
Package caption Info: End \AtBeginDocument code.
(/usr/share/texlive/texmf-dist/tex/context/base/mkii/supp-pdf.mkii
[Loading MPS to PDF converter (version 2006.09.02).]
\scratchcounter=\count319
\scratchdimen=\dimen273
\scratchbox=\box77
\nofMPsegments=\count320
\nofMParguments=\count321
\everyMPshowfont=\toks39
\MPscratchCnt=\count322
\MPscratchDim=\dimen274
\MPnumerator=\count323
\makeMPintoPDFobject=\count324
\everyMPtoPDFconversion=\toks40
) (/usr/share/texlive/texmf-dist/tex/latex/epstopdf-pkg/epstopdf-base.sty
Package: epstopdf-base 2020-01-24 v2.11 Base part for package epstopdf
 (/usr/share/texlive/texmf-dist/tex/latex/grfext/grfext.sty
Package: grfext 2019/12/03 v1.3 Manage graphics extensions (HO)
)
Package epstopdf-base Info: Redefining graphics rule for `.eps' on input line 485.
Package grfext Info: Graphics extension search list:
(grfext)             [.pdf,.png,.jpg,.mps,.jpeg,.jbig2,.jb2,.PDF,.PNG,.JPG,.JPEG,.JBIG2,.JB2,.eps]
(grfext)             \AppendGraphicsExtensions on input line 504.
 (/usr/share/texlive/texmf-dist/tex/latex/latexconfig/epstopdf-sys.cfg
File: epstopdf-sys.cfg 2010/07/13 v1.3 Configuration of (r)epstopdf for TeX Live
))
\c@mv@tabular=\count325
\c@mv@boldtabular=\count326
Package hyperref Info: Link coloring ON on input line 17.
 (/usr/share/texlive/texmf-dist/tex/latex/hyperref/nameref.sty
Package: nameref 2021-04-02 v2.47 Cross-referencing by name of section
 (/usr/share/texlive/texmf-dist/tex/latex/refcount/refcount.sty
Package: refcount 2019/12/15 v3.6 Data extraction from label references (HO)
) (/usr/share/texlive/texmf-dist/tex/generic/gettitlestring/gettitlestring.sty
Package: gettitlestring 2019/12/15 v1.6 Cleanup title references (HO)
)
\c@section@level=\count327
)
LaTeX Info: Redefining \ref on input line 17.
LaTeX Info: Redefining \pageref on input line 17.
LaTeX Info: Redefining \nameref on input line 17.
 (./newswarm_cja_english.out) (./newswarm_cja_english.out)
\@outlinefile=\write3
\openout3 = `newswarm_cja_english.out'.

LaTeX Font Info:    Font shape `T1/ntxtlf/m/n' will be
(Font)              scaled to size 8.5pt on input line 34.
LaTeX Font Info:    Font shape `T1/ntxtlf/b/n' will be
(Font)              scaled to size 8.5pt on input line 34.
LaTeX Font Info:    Font shape `T1/ntxtlf/m/n' will be
(Font)              scaled to size 8.0pt on input line 43.
LaTeX Font Info:    Font shape `T1/ntxtlf/b/n' will be
(Font)              scaled to size 8.0pt on input line 43.
<csaa.jpg, id=64, 76.8471pt x 80.91359pt>
File: csaa.jpg Graphic file (type jpg)
<use csaa.jpg>
Package pdftex.def Info: csaa.jpg  used on input line 48.
(pdftex.def)             Requested size: 75.66962pt x 79.6678pt.
LaTeX Font Info:    Font shape `T1/ntxtlf/m/n' will be
(Font)              scaled to size 12.0pt on input line 48.
LaTeX Font Info:    Font shape `T1/ntxtlf/b/n' will be
(Font)              scaled to size 9.0pt on input line 48.
LaTeX Font Info:    Font shape `T1/ntxtlf/b/n' will be
(Font)              scaled to size 14.0pt on input line 48.
<cja.jpg, id=65, 64.3203pt x 86.2422pt>
File: cja.jpg Graphic file (type jpg)
<use cja.jpg>
Package pdftex.def Info: cja.jpg  used on input line 48.
(pdftex.def)             Requested size: 63.66647pt x 85.35826pt.
LaTeX Font Info:    Font shape `T1/ntxtlf/b/n' will be
(Font)              scaled to size 20.0pt on input line 48.
LaTeX Font Info:    Calculating math sizes for size <14> on input line 48.
LaTeX Font Info:    Trying to load font information for OT1+ntxtlf on input line 48.
 (/usr/share/texlive/texmf-dist/tex/latex/newtx/ot1ntxtlf.fd
File: ot1ntxtlf.fd 2021/05/24 v1.0 font definition file for OT1/ntx/tlf
)
LaTeX Font Info:    Font shape `OT1/ntxtlf/m/n' will be
(Font)              scaled to size 14.0pt on input line 48.
LaTeX Font Info:    Font shape `OT1/ntxtlf/m/n' will be
(Font)              scaled to size 10.21994pt on input line 48.
LaTeX Font Info:    Font shape `OT1/ntxtlf/m/n' will be
(Font)              scaled to size 7.70004pt on input line 48.
LaTeX Font Info:    Trying to load font information for U+ntxmia on input line 48.
 (/usr/share/texlive/texmf-dist/tex/latex/newtx/untxmia.fd
File: untxmia.fd 2018/04/14 Fontinst v1.933 font definitions for U/ntxmia.
)
LaTeX Font Info:    Trying to load font information for U+ntxsym on input line 48.
 (/usr/share/texlive/texmf-dist/tex/latex/newtx/untxsym.fd
File: untxsym.fd 2015/03/20 Fontinst v1.933 font definitions for U/ntxsym.
)
LaTeX Font Info:    Trying to load font information for U+ntxsyc on input line 48.
 (/usr/share/texlive/texmf-dist/tex/latex/newtx/untxsyc.fd
File: untxsyc.fd 2012/04/12 Fontinst v1.933 font definitions for U/ntxsyc.
)
LaTeX Font Info:    Font shape `OT1/ntxtlf/b/n' will be
(Font)              scaled to size 14.0pt on input line 48.
LaTeX Font Info:    Font shape `OT1/ntxtlf/b/n' will be
(Font)              scaled to size 10.21994pt on input line 48.
LaTeX Font Info:    Font shape `OT1/ntxtlf/b/n' will be
(Font)              scaled to size 7.70004pt on input line 48.
LaTeX Font Info:    Font shape `T1/ntxtlf/b/n' will be
(Font)              scaled to size 10.21994pt on input line 48.
LaTeX Font Info:    Calculating math sizes for size <10.21994> on input line 48.
LaTeX Font Info:    Font shape `OT1/ntxtlf/m/n' will be
(Font)              scaled to size 7.46051pt on input line 48.
LaTeX Font Info:    Font shape `OT1/ntxtlf/m/n' will be
(Font)              scaled to size 5.62099pt on input line 48.
LaTeX Font Info:    Font shape `OT1/ntxtlf/b/n' will be
(Font)              scaled to size 7.46051pt on input line 48.
LaTeX Font Info:    Font shape `OT1/ntxtlf/b/n' will be
(Font)              scaled to size 5.62099pt on input line 48.
LaTeX Font Info:    Font shape `T1/ntxtlf/m/it' will be
(Font)              scaled to size 9.0pt on input line 48.
LaTeX Font Info:    Font shape `OT1/ntxtlf/m/n' will be
(Font)              scaled to size 9.0pt on input line 48.
LaTeX Font Info:    Font shape `OT1/ntxtlf/m/n' will be
(Font)              scaled to size 7.3pt on input line 48.
LaTeX Font Info:    Font shape `OT1/ntxtlf/m/n' will be
(Font)              scaled to size 5.5pt on input line 48.
LaTeX Font Info:    Font shape `OT1/ntxtlf/b/n' will be
(Font)              scaled to size 9.0pt on input line 48.
LaTeX Font Info:    Font shape `OT1/ntxtlf/b/n' will be
(Font)              scaled to size 7.3pt on input line 48.
LaTeX Font Info:    Font shape `OT1/ntxtlf/b/n' will be
(Font)              scaled to size 5.5pt on input line 48.
LaTeX Font Info:    Font shape `T1/ntxtlf/m/it' will be
(Font)              scaled to size 7.3pt on input line 48.
LaTeX Font Info:    Font shape `T1/ntxtlf/m/n' will be
(Font)              scaled to size 7.3pt on input line 48.
LaTeX Font Info:    Font shape `OT1/ntxtlf/m/n' will be
(Font)              scaled to size 8.0pt on input line 48.
LaTeX Font Info:    Font shape `OT1/ntxtlf/m/n' will be
(Font)              scaled to size 6.2pt on input line 48.
LaTeX Font Info:    Font shape `OT1/ntxtlf/b/n' will be
(Font)              scaled to size 8.0pt on input line 48.
LaTeX Font Info:    Font shape `OT1/ntxtlf/b/n' will be
(Font)              scaled to size 6.2pt on input line 48.
LaTeX Font Info:    Font shape `T1/ntxtlf/m/n' will be
(Font)              scaled to size 6.2pt on input line 48.
LaTeX Font Info:    Calculating math sizes for size <6.2> on input line 48.
LaTeX Font Info:    Font shape `OT1/ntxtlf/m/n' will be
(Font)              scaled to size 4.52597pt on input line 48.
LaTeX Font Info:    Font shape `OT1/ntxtlf/m/n' will be
(Font)              scaled to size 3.41pt on input line 48.
LaTeX Font Info:    Font shape `OT1/ntxtlf/b/n' will be
(Font)              scaled to size 4.52597pt on input line 48.
LaTeX Font Info:    Font shape `OT1/ntxtlf/b/n' will be
(Font)              scaled to size 3.41pt on input line 48.
<elsevier.png, id=67, 166.6225pt x 182.6825pt>
File: elsevier.png Graphic file (type png)
<use elsevier.png>
Package pdftex.def Info: elsevier.png  used on input line 48.
(pdftex.def)             Requested size: 28.45256pt x 28.45207pt.
LaTeX Font Info:    Trying to load font information for T1+qhv on input line 48.
 (/usr/share/texmf/tex/latex/tex-gyre/t1qhv.fd
File: t1qhv.fd 2009/09/25 v1.2 font definition file for T1/qhv
)
LaTeX Font Info:    Font shape `T1/qhv/m/n' will be
(Font)              scaled to size 7.52002pt on input line 48.
LaTeX Font Info:    Font shape `T1/qhv/b/n' will be
(Font)              scaled to size 7.52002pt on input line 48.

Overfull \hbox (8.68678pt too wide) in paragraph at lines 48--48
[][] []| 
 []

[1{/var/lib/texmf/fonts/map/pdftex/updmap/pdftex.map}


 <./csaa.jpg> <./cja.jpg> <./elsevier.png>] [2]
Overfull \hbox (1.12094pt too wide) in paragraph at lines 69--72
\T1/ntxtlf/m/n/9 penetration-success rate of of-fen-sive swarms un-der multi-interceptor
 []


Overfull \hbox (3.6371pt too wide) in paragraph at lines 75--76
[]\T1/ntxtlf/m/n/9 2) A co-op-er-a-tive task dynamic-reconfiguration mech-a-nism based
 []


Overfull \hbox (4.37894pt too wide) in paragraph at lines 75--76
\T1/ntxtlf/m/n/9 on entropy-regularized po-ten-tial games is pro-posed, break-ing through
 []


Overfull \hbox (10.56198pt too wide) in paragraph at lines 79--79
[]\T1/ntxtlf/b/n/9 Swarm Pen-e-tra-tion Prob-lem Mod-el-ing un-der Multi-Interceptor
 []


Overfull \hbox (0.68959pt too wide) in paragraph at lines 82--85
\T1/ntxtlf/m/n/9 The of-fen-sive air-craft swarm is de-noted by $\LMS/ntxsy/m/n/9 A \U/ntxmia/m/it/9 = \LMS/ntxsy/m/n/9 f\OML/ntxmi/m/it/9 A[]; A[]; [] ; A[]\LMS/ntxsy/m/n/9 g$\T1/ntxtlf/m/n/9 ,
 []



pdfTeX warning: pdflatex (file ./figures/gao1_V2.pdf): PDF inclusion: found PDF version <1.7>, but at most version <1.5> allowed
<figures/gao1_V2.pdf, id=153, 455.06009pt x 230.17996pt>
File: figures/gao1_V2.pdf Graphic file (type pdf)
<use figures/gao1_V2.pdf>
Package pdftex.def Info: figures/gao1_V2.pdf  used on input line 88.
(pdftex.def)             Requested size: 263.95924pt x 133.52202pt.

Overfull \hbox (23.99762pt too wide) in paragraph at lines 88--89
 [][] 
 []

[3 <./figures/gao1_V2.pdf>]
Overfull \hbox (15.76163pt too wide) detected at line 227
$\OML/ntxmi/m/it/9 m[]\LMS/ntxsy/m/n/9 ą\OML/ntxmi/m/it/9 t\LMS/ntxsy/m/n/9 ş \U/ntxmia/m/it/9 = [][][]$  []
 []

[4]
Overfull \hbox (2.52028pt too wide) in paragraph at lines 429--431
\T1/ntxtlf/m/n/9 smooth-ing co-ef-fi-cient. When the offensive--defensive dis-tance $\OML/ntxmi/m/it/9 ^^Z[]\LMS/ntxsy/m/n/9 ą\OML/ntxmi/m/it/9 t\LMS/ntxsy/m/n/9 ş$
 []

[5]
Overfull \hbox (5.08694pt too wide) in paragraph at lines 502--503
\T1/ntxtlf/m/n/9 mis-match mar-gin. This in-dex pro-duces a sig-nif-i-cant escape-excitation
 []


Overfull \hbox (15.39459pt too wide) in paragraph at lines 526--527
\T1/ntxtlf/m/n/9 con-junc-tion with [], it is de-fined as $\OML/ntxmi/m/it/9 m[]\LMS/ntxsy/m/n/9 ą\OML/ntxmi/m/it/9 t\LMS/ntxsy/m/n/9 ş \U/ntxmia/m/it/9 = [][] \OT1/ntxtlf/b/n/9 1\LMS/ntxsy/m/n/9 f[][]ą\OML/ntxmi/m/it/9 t\LMS/ntxsy/m/n/9 ş \OML/ntxmi/m/it/9 >
 []


Overfull \hbox (10.51189pt too wide) in paragraph at lines 526--527
\T1/ntxtlf/m/n/9 tion trans-fer caused by team-mate de-coy con-tain-ment. $\OML/ntxmi/m/it/9 ^^T[]; ^^T[]; ^^T[]; ^^T[] >
 []

[6]
Overfull \hbox (5.26729pt too wide) detected at line 726
$[][]$  []
 []

[7]
Overfull \hbox (21.6863pt too wide) detected at line 801
[]
 []

[8]
LaTeX Font Info:    Font shape `T1/ntxtlf/m/n' will be
(Font)              scaled to size 5.5pt on input line 890.
 [9]

pdfTeX warning: pdflatex (file ./figures/algorithm_framework.pdf): PDF inclusion: found PDF version <1.7>, but at most version <1.5> allowed
<figures/algorithm_framework.pdf, id=340, 922.04472pt x 483.2454pt>
File: figures/algorithm_framework.pdf Graphic file (type pdf)
<use figures/algorithm_framework.pdf>
Package pdftex.def Info: figures/algorithm_framework.pdf  used on input line 950.
(pdftex.def)             Requested size: 497.92325pt x 260.96338pt.
CUTED [- LAST -]
Extra skip:34.42589pt
Left:52.17444pt/15.79996pt
Right:31.6pt/1.9485pt
Split: 53.44519pt
Output:53.44519pt
Pageshrink: 0.0pt
Pagestretch: 0.0pt
@colht:682.86615pt
CUTED [output]: 53.44519pt
CUTED [leftcolumn badness]: 1000000
CUTED [rightcolumn badness]: 10000

Overfull \hbox (3.92268pt too wide) detected at line 1045
$[][]$  []
 []


Overfull \hbox (32.47217pt too wide) in paragraph at lines 1046--1047
\T1/ntxtlf/m/n/9 where $\U/ntxmia/m/it/9 ^^F$ \T1/ntxtlf/m/n/9 is the base ex-plo-ration co-vari-ance ma-trix, and $\OML/ntxmi/m/it/9 u[]; u[]; u[] \LMS/ntxsy/m/n/9 2
 []

[10 <./figures/algorithm_framework.pdf>]
<figures/HIL_SWARM_fig.png, id=402, 1439.1366pt x 491.436pt>
File: figures/HIL_SWARM_fig.png Graphic file (type png)
<use figures/HIL_SWARM_fig.png>
Package pdftex.def Info: figures/HIL_SWARM_fig.png  used on input line 1125.
(pdftex.def)             Requested size: 497.92325pt x 170.02551pt.

Overfull \hbox (0.6038pt too wide) in paragraph at lines 1130--1145
\LMS/ntxsy/m/n/9 N []$\T1/ntxtlf/m/n/9 , $\OML/ntxmi/m/it/9 ^^Q[] \LMS/ntxsy/m/n/9 ^^X N []$\T1/ntxtlf/m/n/9 , and $\OML/ntxmi/m/it/9 ^^Q[] \LMS/ntxsy/m/n/9 ^^X
 []

LaTeX Font Info:    Font shape `T1/ntxtlf/m/n' will be
(Font)              scaled to size 7.0pt on input line 1148.
CUTED [- LAST -]
Extra skip:41.02693pt
Left:413.01549pt/3.43495pt
Right:373.475pt/1.9485pt
Split: 397.64525pt
Output:397.64525pt
Pageshrink: 0.0pt
Pagestretch: 0.0pt
@colht:682.86615pt
CUTED [output]: 397.64525pt
CUTED [leftcolumn badness]: 5
CUTED [rightcolumn badness]: 1931
[11]
CUTED [- LAST -]
Extra skip:12.63602pt
Left:20.8pt/1.9485pt
Right:10.0pt/0.11249pt
Split: 20.85625pt
Output:20.85625pt
Pageshrink: 0.0pt
Pagestretch: 0.0pt
@colht:479.64066pt
CUTED [output]: 20.85625pt
CUTED [leftcolumn badness]: 10000
CUTED [rightcolumn badness]: 10000
<figures/swarm_attack_training/swarm_attack_reward.pdf, id=423, 463.11018pt x 282.85612pt>
File: figures/swarm_attack_training/swarm_attack_reward.pdf Graphic file (type pdf)
<use figures/swarm_attack_training/swarm_attack_reward.pdf>
Package pdftex.def Info: figures/swarm_attack_training/swarm_attack_reward.pdf  used on input line 1229.
(pdftex.def)             Requested size: 239.00102pt x 145.9768pt.
<figures/swarm_attack_training/swarm_attack_critic_loss.pdf, id=424, 464.18707pt x 282.85612pt>
File: figures/swarm_attack_training/swarm_attack_critic_loss.pdf Graphic file (type pdf)
<use figures/swarm_attack_training/swarm_attack_critic_loss.pdf>
Package pdftex.def Info: figures/swarm_attack_training/swarm_attack_critic_loss.pdf  used on input line 1235.
(pdftex.def)             Requested size: 239.00102pt x 145.64015pt.
 [12 <./figures/HIL_SWARM_fig.png>]
<figures/V71_6688-new/hil_outputs/original_success_5nx_restlocal/6v6_seed60015/fig4_traj3d.pdf, id=434, 387.69215pt x 356.68857pt>
File: figures/V71_6688-new/hil_outputs/original_success_5nx_restlocal/6v6_seed60015/fig4_traj3d.pdf Graphic file (type pdf)
<use figures/V71_6688-new/hil_outputs/original_success_5nx_restlocal/6v6_seed60015/fig4_traj3d.pdf>
Package pdftex.def Info: figures/V71_6688-new/hil_outputs/original_success_5nx_restlocal/6v6_seed60015/fig4_traj3d.pdf  used on input line 1253.
(pdftex.def)             Requested size: 239.96162pt x 220.76909pt.
<figures/V71_6688-new/hil_outputs/original_success_5nx_restlocal/6v6_seed60015/fig1a_speed.pdf, id=436, 289.24762pt x 160.84956pt>
File: figures/V71_6688-new/hil_outputs/original_success_5nx_restlocal/6v6_seed60015/fig1a_speed.pdf Graphic file (type pdf)
<use figures/V71_6688-new/hil_outputs/original_success_5nx_restlocal/6v6_seed60015/fig1a_speed.pdf>
Package pdftex.def Info: figures/V71_6688-new/hil_outputs/original_success_5nx_restlocal/6v6_seed60015/fig1a_speed.pdf  used on input line 1263.
(pdftex.def)             Requested size: 239.00102pt x 132.91113pt.
<figures/V71_6688-new/hil_outputs/original_success_5nx_restlocal/6v6_seed60015/fig1b_pitch_overload.pdf, id=437, 291.01987pt x 160.84956pt>
File: figures/V71_6688-new/hil_outputs/original_success_5nx_restlocal/6v6_seed60015/fig1b_pitch_overload.pdf Graphic file (type pdf)
<use figures/V71_6688-new/hil_outputs/original_success_5nx_restlocal/6v6_seed60015/fig1b_pitch_overload.pdf>
Package pdftex.def Info: figures/V71_6688-new/hil_outputs/original_success_5nx_restlocal/6v6_seed60015/fig1b_pitch_overload.pdf  used on input line 1268.
(pdftex.def)             Requested size: 239.00102pt x 132.09874pt.
<figures/V71_6688-new/hil_outputs/original_success_5nx_restlocal/6v6_seed60015/fig1c_yaw_overload.pdf, id=438, 291.01987pt x 160.84956pt>
File: figures/V71_6688-new/hil_outputs/original_success_5nx_restlocal/6v6_seed60015/fig1c_yaw_overload.pdf Graphic file (type pdf)
<use figures/V71_6688-new/hil_outputs/original_success_5nx_restlocal/6v6_seed60015/fig1c_yaw_overload.pdf>
Package pdftex.def Info: figures/V71_6688-new/hil_outputs/original_success_5nx_restlocal/6v6_seed60015/fig1c_yaw_overload.pdf  used on input line 1274.
(pdftex.def)             Requested size: 239.00102pt x 132.09874pt.
<figures/V71_6688-new/hil_outputs/original_success_5nx_restlocal/6v6_seed60015/fig1d_distance.pdf, id=439, 292.8078pt x 157.41486pt>
File: figures/V71_6688-new/hil_outputs/original_success_5nx_restlocal/6v6_seed60015/fig1d_distance.pdf Graphic file (type pdf)
<use figures/V71_6688-new/hil_outputs/original_success_5nx_restlocal/6v6_seed60015/fig1d_distance.pdf>
Package pdftex.def Info: figures/V71_6688-new/hil_outputs/original_success_5nx_restlocal/6v6_seed60015/fig1d_distance.pdf  used on input line 1279.
(pdftex.def)             Requested size: 239.00102pt x 128.49252pt.
<figures/V71_6688-new/hil_outputs/original_success_5nx_restlocal/6v6_seed60015/fig2a_gantt.pdf, id=441, 352.37032pt x 152.13914pt>
File: figures/V71_6688-new/hil_outputs/original_success_5nx_restlocal/6v6_seed60015/fig2a_gantt.pdf Graphic file (type pdf)
<use figures/V71_6688-new/hil_outputs/original_success_5nx_restlocal/6v6_seed60015/fig2a_gantt.pdf>
Package pdftex.def Info: figures/V71_6688-new/hil_outputs/original_success_5nx_restlocal/6v6_seed60015/fig2a_gantt.pdf  used on input line 1292.
(pdftex.def)             Requested size: 239.96162pt x 103.60645pt.
<figures/V71_6688-new/hil_outputs/original_success_5nx_restlocal/6v6_seed60015/fig2c_ratio.pdf, id=442, 290.70619pt x 157.41486pt>
File: figures/V71_6688-new/hil_outputs/original_success_5nx_restlocal/6v6_seed60015/fig2c_ratio.pdf Graphic file (type pdf)
<use figures/V71_6688-new/hil_outputs/original_success_5nx_restlocal/6v6_seed60015/fig2c_ratio.pdf>
Package pdftex.def Info: figures/V71_6688-new/hil_outputs/original_success_5nx_restlocal/6v6_seed60015/fig2c_ratio.pdf  used on input line 1299.
(pdftex.def)             Requested size: 239.00102pt x 129.41728pt.
LaTeX Font Info:    Calculating math sizes for size <8.5> on input line 1300.
LaTeX Font Info:    Font shape `OT1/ntxtlf/m/n' will be
(Font)              scaled to size 8.5pt on input line 1300.
LaTeX Font Info:    Font shape `OT1/ntxtlf/m/n' will be
(Font)              scaled to size 6.20496pt on input line 1300.
LaTeX Font Info:    Font shape `OT1/ntxtlf/m/n' will be
(Font)              scaled to size 4.67502pt on input line 1300.
LaTeX Font Info:    Font shape `OT1/ntxtlf/b/n' will be
(Font)              scaled to size 8.5pt on input line 1300.
LaTeX Font Info:    Font shape `OT1/ntxtlf/b/n' will be
(Font)              scaled to size 6.20496pt on input line 1300.
LaTeX Font Info:    Font shape `OT1/ntxtlf/b/n' will be
(Font)              scaled to size 4.67502pt on input line 1300.
<figures/V71_6688-new/hil_outputs/original_success_5nx_restlocal/6v6_seed60015/fig2d_pitch_overload.pdf, id=443, 300.39865pt x 158.57043pt>
File: figures/V71_6688-new/hil_outputs/original_success_5nx_restlocal/6v6_seed60015/fig2d_pitch_overload.pdf Graphic file (type pdf)
<use figures/V71_6688-new/hil_outputs/original_success_5nx_restlocal/6v6_seed60015/fig2d_pitch_overload.pdf>
Package pdftex.def Info: figures/V71_6688-new/hil_outputs/original_success_5nx_restlocal/6v6_seed60015/fig2d_pitch_overload.pdf  used on input line 1305.
(pdftex.def)             Requested size: 239.00102pt x 126.16208pt.
<figures/V71_6688-new/hil_outputs/original_success_5nx_restlocal/6v6_seed60015/fig2e_yaw_overload.pdf, id=444, 300.39865pt x 158.57043pt>
File: figures/V71_6688-new/hil_outputs/original_success_5nx_restlocal/6v6_seed60015/fig2e_yaw_overload.pdf Graphic file (type pdf)
<use figures/V71_6688-new/hil_outputs/original_success_5nx_restlocal/6v6_seed60015/fig2e_yaw_overload.pdf>
Package pdftex.def Info: figures/V71_6688-new/hil_outputs/original_success_5nx_restlocal/6v6_seed60015/fig2e_yaw_overload.pdf  used on input line 1310.
(pdftex.def)             Requested size: 239.00102pt x 126.16208pt.
<figures/V71_6688-new/hil_outputs/original_success_5nx_restlocal/6v6_seed60015/fig3a_role_prob.pdf, id=446, 339.52785pt x 202.92688pt>
File: figures/V71_6688-new/hil_outputs/original_success_5nx_restlocal/6v6_seed60015/fig3a_role_prob.pdf Graphic file (type pdf)
<use figures/V71_6688-new/hil_outputs/original_success_5nx_restlocal/6v6_seed60015/fig3a_role_prob.pdf>
Package pdftex.def Info: figures/V71_6688-new/hil_outputs/original_success_5nx_restlocal/6v6_seed60015/fig3a_role_prob.pdf  used on input line 1323.
(pdftex.def)             Requested size: 248.96162pt x 148.8011pt.
<figures/V71_6688-new/hil_outputs/original_success_5nx_restlocal/6v6_seed60015/fig3b_lock_pressure.pdf, id=447, 308.21411pt x 162.69055pt>
File: figures/V71_6688-new/hil_outputs/original_success_5nx_restlocal/6v6_seed60015/fig3b_lock_pressure.pdf Graphic file (type pdf)
<use figures/V71_6688-new/hil_outputs/original_success_5nx_restlocal/6v6_seed60015/fig3b_lock_pressure.pdf>
Package pdftex.def Info: figures/V71_6688-new/hil_outputs/original_success_5nx_restlocal/6v6_seed60015/fig3b_lock_pressure.pdf  used on input line 1328.
(pdftex.def)             Requested size: 239.00102pt x 126.15833pt.

Overfull \hbox (9.0pt too wide) in paragraph at lines 1322--1332
 [][] 
 []

<figures/V71_6688-new/hil_outputs/original_success_5nx_restlocal/8v8_seed80047/fig4_traj3d.pdf, id=450, 388.98134pt x 356.68857pt>
File: figures/V71_6688-new/hil_outputs/original_success_5nx_restlocal/8v8_seed80047/fig4_traj3d.pdf Graphic file (type pdf)
<use figures/V71_6688-new/hil_outputs/original_success_5nx_restlocal/8v8_seed80047/fig4_traj3d.pdf>
Package pdftex.def Info: figures/V71_6688-new/hil_outputs/original_success_5nx_restlocal/8v8_seed80047/fig4_traj3d.pdf  used on input line 1345.
(pdftex.def)             Requested size: 239.96162pt x 220.04521pt.
[13 <./figures/swarm_attack_training/swarm_attack_reward.pdf> <./figures/swarm_attack_training/swarm_attack_critic_loss.pdf> <./figures/V71_6688-new/hil_outputs/original_success_5nx_restlocal/6v6_seed60015/fig4_traj3d.pdf>] [14 <./figures/V71_6688-new/hil_outputs/original_success_5nx_restlocal/6v6_seed60015/fig1a_speed.pdf> <./figures/V71_6688-new/hil_outputs/original_success_5nx_restlocal/6v6_seed60015/fig1b_pitch_overload.pdf> <./figures/V71_6688-new/hil_outputs/original_success_5nx_restlocal/6v6_seed60015/fig1c_yaw_overload.pdf> <./figures/V71_6688-new/hil_outputs/original_success_5nx_restlocal/6v6_seed60015/fig1d_distance.pdf> <./figures/V71_6688-new/hil_outputs/original_success_5nx_restlocal/6v6_seed60015/fig2a_gantt.pdf> <./figures/V71_6688-new/hil_outputs/original_success_5nx_restlocal/6v6_seed60015/fig2c_ratio.pdf> <./figures/V71_6688-new/hil_outputs/original_success_5nx_restlocal/6v6_seed60015/fig2d_pitch_overload.pdf> <./figures/V71_6688-new/hil_outputs/original_success_5nx_restlocal/6v6_seed60015/fig2e_yaw_overload.pdf>]
<figures/V71_6688-new/hil_outputs/original_success_5nx_restlocal/8v8_seed80047/fig1a_speed.pdf, id=740, 289.24762pt x 160.84956pt>
File: figures/V71_6688-new/hil_outputs/original_success_5nx_restlocal/8v8_seed80047/fig1a_speed.pdf Graphic file (type pdf)
<use figures/V71_6688-new/hil_outputs/original_success_5nx_restlocal/8v8_seed80047/fig1a_speed.pdf>
Package pdftex.def Info: figures/V71_6688-new/hil_outputs/original_success_5nx_restlocal/8v8_seed80047/fig1a_speed.pdf  used on input line 1355.
(pdftex.def)             Requested size: 239.00102pt x 132.91113pt.
<figures/V71_6688-new/hil_outputs/original_success_5nx_restlocal/8v8_seed80047/fig1b_pitch_overload.pdf, id=741, 291.01987pt x 160.84956pt>
File: figures/V71_6688-new/hil_outputs/original_success_5nx_restlocal/8v8_seed80047/fig1b_pitch_overload.pdf Graphic file (type pdf)
<use figures/V71_6688-new/hil_outputs/original_success_5nx_restlocal/8v8_seed80047/fig1b_pitch_overload.pdf>
Package pdftex.def Info: figures/V71_6688-new/hil_outputs/original_success_5nx_restlocal/8v8_seed80047/fig1b_pitch_overload.pdf  used on input line 1360.
(pdftex.def)             Requested size: 239.00102pt x 132.09874pt.
<figures/V71_6688-new/hil_outputs/original_success_5nx_restlocal/8v8_seed80047/fig1c_yaw_overload.pdf, id=742, 291.01987pt x 160.84956pt>
File: figures/V71_6688-new/hil_outputs/original_success_5nx_restlocal/8v8_seed80047/fig1c_yaw_overload.pdf Graphic file (type pdf)
<use figures/V71_6688-new/hil_outputs/original_success_5nx_restlocal/8v8_seed80047/fig1c_yaw_overload.pdf>
Package pdftex.def Info: figures/V71_6688-new/hil_outputs/original_success_5nx_restlocal/8v8_seed80047/fig1c_yaw_overload.pdf  used on input line 1366.
(pdftex.def)             Requested size: 239.00102pt x 132.09874pt.
<figures/V71_6688-new/hil_outputs/original_success_5nx_restlocal/8v8_seed80047/fig1d_distance.pdf, id=743, 292.8078pt x 157.41486pt>
File: figures/V71_6688-new/hil_outputs/original_success_5nx_restlocal/8v8_seed80047/fig1d_distance.pdf Graphic file (type pdf)
<use figures/V71_6688-new/hil_outputs/original_success_5nx_restlocal/8v8_seed80047/fig1d_distance.pdf>
Package pdftex.def Info: figures/V71_6688-new/hil_outputs/original_success_5nx_restlocal/8v8_seed80047/fig1d_distance.pdf  used on input line 1371.
(pdftex.def)             Requested size: 239.00102pt x 128.49252pt.
<figures/V71_6688-new/hil_outputs/original_success_5nx_restlocal/8v8_seed80047/fig2a_gantt.pdf, id=744, 352.37032pt x 152.13914pt>
File: figures/V71_6688-new/hil_outputs/original_success_5nx_restlocal/8v8_seed80047/fig2a_gantt.pdf Graphic file (type pdf)
<use figures/V71_6688-new/hil_outputs/original_success_5nx_restlocal/8v8_seed80047/fig2a_gantt.pdf>
Package pdftex.def Info: figures/V71_6688-new/hil_outputs/original_success_5nx_restlocal/8v8_seed80047/fig2a_gantt.pdf  used on input line 1382.
(pdftex.def)             Requested size: 239.96162pt x 103.60645pt.
<figures/V71_6688-new/hil_outputs/original_success_5nx_restlocal/8v8_seed80047/fig2c_ratio.pdf, id=745, 290.70619pt x 157.41486pt>
File: figures/V71_6688-new/hil_outputs/original_success_5nx_restlocal/8v8_seed80047/fig2c_ratio.pdf Graphic file (type pdf)
<use figures/V71_6688-new/hil_outputs/original_success_5nx_restlocal/8v8_seed80047/fig2c_ratio.pdf>
Package pdftex.def Info: figures/V71_6688-new/hil_outputs/original_success_5nx_restlocal/8v8_seed80047/fig2c_ratio.pdf  used on input line 1389.
(pdftex.def)             Requested size: 239.00102pt x 129.41728pt.
<figures/V71_6688-new/hil_outputs/original_success_5nx_restlocal/8v8_seed80047/fig2d_pitch_overload.pdf, id=746, 300.39865pt x 158.57043pt>
File: figures/V71_6688-new/hil_outputs/original_success_5nx_restlocal/8v8_seed80047/fig2d_pitch_overload.pdf Graphic file (type pdf)
<use figures/V71_6688-new/hil_outputs/original_success_5nx_restlocal/8v8_seed80047/fig2d_pitch_overload.pdf>
Package pdftex.def Info: figures/V71_6688-new/hil_outputs/original_success_5nx_restlocal/8v8_seed80047/fig2d_pitch_overload.pdf  used on input line 1395.
(pdftex.def)             Requested size: 239.00102pt x 126.16208pt.
<figures/V71_6688-new/hil_outputs/original_success_5nx_restlocal/8v8_seed80047/fig2e_yaw_overload.pdf, id=747, 300.39865pt x 158.57043pt>
File: figures/V71_6688-new/hil_outputs/original_success_5nx_restlocal/8v8_seed80047/fig2e_yaw_overload.pdf Graphic file (type pdf)
<use figures/V71_6688-new/hil_outputs/original_success_5nx_restlocal/8v8_seed80047/fig2e_yaw_overload.pdf>
Package pdftex.def Info: figures/V71_6688-new/hil_outputs/original_success_5nx_restlocal/8v8_seed80047/fig2e_yaw_overload.pdf  used on input line 1400.
(pdftex.def)             Requested size: 239.00102pt x 126.16208pt.
<figures/V71_6688-new/hil_outputs/original_success_5nx_restlocal/8v8_seed80047/fig3a_role_prob.pdf, id=749, 339.52785pt x 202.92688pt>
File: figures/V71_6688-new/hil_outputs/original_success_5nx_restlocal/8v8_seed80047/fig3a_role_prob.pdf Graphic file (type pdf)
<use figures/V71_6688-new/hil_outputs/original_success_5nx_restlocal/8v8_seed80047/fig3a_role_prob.pdf>
Package pdftex.def Info: figures/V71_6688-new/hil_outputs/original_success_5nx_restlocal/8v8_seed80047/fig3a_role_prob.pdf  used on input line 1413.
(pdftex.def)             Requested size: 248.96162pt x 148.8011pt.
<figures/V71_6688-new/hil_outputs/original_success_5nx_restlocal/8v8_seed80047/fig3b_lock_pressure.pdf, id=750, 308.21411pt x 162.69055pt>
File: figures/V71_6688-new/hil_outputs/original_success_5nx_restlocal/8v8_seed80047/fig3b_lock_pressure.pdf Graphic file (type pdf)
<use figures/V71_6688-new/hil_outputs/original_success_5nx_restlocal/8v8_seed80047/fig3b_lock_pressure.pdf>
Package pdftex.def Info: figures/V71_6688-new/hil_outputs/original_success_5nx_restlocal/8v8_seed80047/fig3b_lock_pressure.pdf  used on input line 1418.
(pdftex.def)             Requested size: 239.00102pt x 126.15833pt.

Overfull \hbox (9.0pt too wide) in paragraph at lines 1412--1422
 [][] 
 []

<figures/V71_6688-new/hil_outputs/original_success_5nx_restlocal/10v10_seed100015/fig4_traj3d.pdf, id=753, 388.68533pt x 356.68857pt>
File: figures/V71_6688-new/hil_outputs/original_success_5nx_restlocal/10v10_seed100015/fig4_traj3d.pdf Graphic file (type pdf)
<use figures/V71_6688-new/hil_outputs/original_success_5nx_restlocal/10v10_seed100015/fig4_traj3d.pdf>
Package pdftex.def Info: figures/V71_6688-new/hil_outputs/original_success_5nx_restlocal/10v10_seed100015/fig4_traj3d.pdf  used on input line 1435.
(pdftex.def)             Requested size: 239.96162pt x 220.21393pt.
<figures/V71_6688-new/hil_outputs/original_success_5nx_restlocal/10v10_seed100015/fig1a_speed.pdf, id=755, 289.24762pt x 160.84956pt>
File: figures/V71_6688-new/hil_outputs/original_success_5nx_restlocal/10v10_seed100015/fig1a_speed.pdf Graphic file (type pdf)
<use figures/V71_6688-new/hil_outputs/original_success_5nx_restlocal/10v10_seed100015/fig1a_speed.pdf>
Package pdftex.def Info: figures/V71_6688-new/hil_outputs/original_success_5nx_restlocal/10v10_seed100015/fig1a_speed.pdf  used on input line 1445.
(pdftex.def)             Requested size: 239.00102pt x 132.91113pt.
<figures/V71_6688-new/hil_outputs/original_success_5nx_restlocal/10v10_seed100015/fig1b_pitch_overload.pdf, id=756, 291.01987pt x 160.84956pt>
File: figures/V71_6688-new/hil_outputs/original_success_5nx_restlocal/10v10_seed100015/fig1b_pitch_overload.pdf Graphic file (type pdf)
<use figures/V71_6688-new/hil_outputs/original_success_5nx_restlocal/10v10_seed100015/fig1b_pitch_overload.pdf>
Package pdftex.def Info: figures/V71_6688-new/hil_outputs/original_success_5nx_restlocal/10v10_seed100015/fig1b_pitch_overload.pdf  used on input line 1450.
(pdftex.def)             Requested size: 239.00102pt x 132.09874pt.
<figures/V71_6688-new/hil_outputs/original_success_5nx_restlocal/10v10_seed100015/fig1c_yaw_overload.pdf, id=757, 291.01987pt x 160.84956pt>
File: figures/V71_6688-new/hil_outputs/original_success_5nx_restlocal/10v10_seed100015/fig1c_yaw_overload.pdf Graphic file (type pdf)
<use figures/V71_6688-new/hil_outputs/original_success_5nx_restlocal/10v10_seed100015/fig1c_yaw_overload.pdf>
Package pdftex.def Info: figures/V71_6688-new/hil_outputs/original_success_5nx_restlocal/10v10_seed100015/fig1c_yaw_overload.pdf  used on input line 1456.
(pdftex.def)             Requested size: 239.00102pt x 132.09874pt.
<figures/V71_6688-new/hil_outputs/original_success_5nx_restlocal/10v10_seed100015/fig1d_distance.pdf, id=758, 292.8078pt x 157.41486pt>
File: figures/V71_6688-new/hil_outputs/original_success_5nx_restlocal/10v10_seed100015/fig1d_distance.pdf Graphic file (type pdf)
<use figures/V71_6688-new/hil_outputs/original_success_5nx_restlocal/10v10_seed100015/fig1d_distance.pdf>
Package pdftex.def Info: figures/V71_6688-new/hil_outputs/original_success_5nx_restlocal/10v10_seed100015/fig1d_distance.pdf  used on input line 1461.
(pdftex.def)             Requested size: 239.00102pt x 128.49252pt.
<figures/V71_6688-new/hil_outputs/original_success_5nx_restlocal/10v10_seed100015/fig2a_gantt.pdf, id=760, 352.37032pt x 152.13914pt>
File: figures/V71_6688-new/hil_outputs/original_success_5nx_restlocal/10v10_seed100015/fig2a_gantt.pdf Graphic file (type pdf)
<use figures/V71_6688-new/hil_outputs/original_success_5nx_restlocal/10v10_seed100015/fig2a_gantt.pdf>
Package pdftex.def Info: figures/V71_6688-new/hil_outputs/original_success_5nx_restlocal/10v10_seed100015/fig2a_gantt.pdf  used on input line 1474.
(pdftex.def)             Requested size: 239.96162pt x 103.60645pt.
<figures/V71_6688-new/hil_outputs/original_success_5nx_restlocal/10v10_seed100015/fig2c_ratio.pdf, id=761, 290.70619pt x 157.41486pt>
File: figures/V71_6688-new/hil_outputs/original_success_5nx_restlocal/10v10_seed100015/fig2c_ratio.pdf Graphic file (type pdf)
<use figures/V71_6688-new/hil_outputs/original_success_5nx_restlocal/10v10_seed100015/fig2c_ratio.pdf>
Package pdftex.def Info: figures/V71_6688-new/hil_outputs/original_success_5nx_restlocal/10v10_seed100015/fig2c_ratio.pdf  used on input line 1481.
(pdftex.def)             Requested size: 239.00102pt x 129.41728pt.
<figures/V71_6688-new/hil_outputs/original_success_5nx_restlocal/10v10_seed100015/fig2d_pitch_overload.pdf, id=762, 300.39865pt x 158.57043pt>
File: figures/V71_6688-new/hil_outputs/original_success_5nx_restlocal/10v10_seed100015/fig2d_pitch_overload.pdf Graphic file (type pdf)
<use figures/V71_6688-new/hil_outputs/original_success_5nx_restlocal/10v10_seed100015/fig2d_pitch_overload.pdf>
Package pdftex.def Info: figures/V71_6688-new/hil_outputs/original_success_5nx_restlocal/10v10_seed100015/fig2d_pitch_overload.pdf  used on input line 1487.
(pdftex.def)             Requested size: 239.00102pt x 126.16208pt.
<figures/V71_6688-new/hil_outputs/original_success_5nx_restlocal/10v10_seed100015/fig2e_yaw_overload.pdf, id=763, 300.39865pt x 158.57043pt>
File: figures/V71_6688-new/hil_outputs/original_success_5nx_restlocal/10v10_seed100015/fig2e_yaw_overload.pdf Graphic file (type pdf)
<use figures/V71_6688-new/hil_outputs/original_success_5nx_restlocal/10v10_seed100015/fig2e_yaw_overload.pdf>
Package pdftex.def Info: figures/V71_6688-new/hil_outputs/original_success_5nx_restlocal/10v10_seed100015/fig2e_yaw_overload.pdf  used on input line 1492.
(pdftex.def)             Requested size: 239.00102pt x 126.16208pt.
<figures/V71_6688-new/hil_outputs/original_success_5nx_restlocal/10v10_seed100015/fig3a_role_prob.pdf, id=765, 339.52785pt x 202.92688pt>
File: figures/V71_6688-new/hil_outputs/original_success_5nx_restlocal/10v10_seed100015/fig3a_role_prob.pdf Graphic file (type pdf)
<use figures/V71_6688-new/hil_outputs/original_success_5nx_restlocal/10v10_seed100015/fig3a_role_prob.pdf>
Package pdftex.def Info: figures/V71_6688-new/hil_outputs/original_success_5nx_restlocal/10v10_seed100015/fig3a_role_prob.pdf  used on input line 1505.
(pdftex.def)             Requested size: 248.96162pt x 148.8011pt.
<figures/V71_6688-new/hil_outputs/original_success_5nx_restlocal/10v10_seed100015/fig3b_lock_pressure.pdf, id=766, 308.21411pt x 162.69055pt>
File: figures/V71_6688-new/hil_outputs/original_success_5nx_restlocal/10v10_seed100015/fig3b_lock_pressure.pdf Graphic file (type pdf)
<use figures/V71_6688-new/hil_outputs/original_success_5nx_restlocal/10v10_seed100015/fig3b_lock_pressure.pdf>
Package pdftex.def Info: figures/V71_6688-new/hil_outputs/original_success_5nx_restlocal/10v10_seed100015/fig3b_lock_pressure.pdf  used on input line 1510.
(pdftex.def)             Requested size: 239.00102pt x 126.15833pt.

Overfull \hbox (9.0pt too wide) in paragraph at lines 1504--1514
 [][] 
 []

[15 <./figures/V71_6688-new/hil_outputs/original_success_5nx_restlocal/6v6_seed60015/fig3a_role_prob.pdf> <./figures/V71_6688-new/hil_outputs/original_success_5nx_restlocal/6v6_seed60015/fig3b_lock_pressure.pdf> <./figures/V71_6688-new/hil_outputs/original_success_5nx_restlocal/8v8_seed80047/fig4_traj3d.pdf>] [16 <./figures/V71_6688-new/hil_outputs/original_success_5nx_restlocal/8v8_seed80047/fig1a_speed.pdf> <./figures/V71_6688-new/hil_outputs/original_success_5nx_restlocal/8v8_seed80047/fig1b_pitch_overload.pdf> <./figures/V71_6688-new/hil_outputs/original_success_5nx_restlocal/8v8_seed80047/fig1c_yaw_overload.pdf> <./figures/V71_6688-new/hil_outputs/original_success_5nx_restlocal/8v8_seed80047/fig1d_distance.pdf> <./figures/V71_6688-new/hil_outputs/original_success_5nx_restlocal/8v8_seed80047/fig2a_gantt.pdf> <./figures/V71_6688-new/hil_outputs/original_success_5nx_restlocal/8v8_seed80047/fig2c_ratio.pdf> <./figures/V71_6688-new/hil_outputs/original_success_5nx_restlocal/8v8_seed80047/fig2d_pitch_overload.pdf> <./figures/V71_6688-new/hil_outputs/original_success_5nx_restlocal/8v8_seed80047/fig2e_yaw_overload.pdf>] [17 <./figures/V71_6688-new/hil_outputs/original_success_5nx_restlocal/8v8_seed80047/fig3a_role_prob.pdf> <./figures/V71_6688-new/hil_outputs/original_success_5nx_restlocal/8v8_seed80047/fig3b_lock_pressure.pdf> <./figures/V71_6688-new/hil_outputs/original_success_5nx_restlocal/10v10_seed100015/fig4_traj3d.pdf> <./figures/V71_6688-new/hil_outputs/original_success_5nx_restlocal/10v10_seed100015/fig1a_speed.pdf> <./figures/V71_6688-new/hil_outputs/original_success_5nx_restlocal/10v10_seed100015/fig1b_pitch_overload.pdf> <./figures/V71_6688-new/hil_outputs/original_success_5nx_restlocal/10v10_seed100015/fig1c_yaw_overload.pdf> <./figures/V71_6688-new/hil_outputs/original_success_5nx_restlocal/10v10_seed100015/fig1d_distance.pdf>] [18 <./figures/V71_6688-new/hil_outputs/original_success_5nx_restlocal/10v10_seed100015/fig2a_gantt.pdf> <./figures/V71_6688-new/hil_outputs/original_success_5nx_restlocal/10v10_seed100015/fig2c_ratio.pdf> <./figures/V71_6688-new/hil_outputs/original_success_5nx_restlocal/10v10_seed100015/fig2d_pitch_overload.pdf> <./figures/V71_6688-new/hil_outputs/original_success_5nx_restlocal/10v10_seed100015/fig2e_yaw_overload.pdf> <./figures/V71_6688-new/hil_outputs/original_success_5nx_restlocal/10v10_seed100015/fig3a_role_prob.pdf> <./figures/V71_6688-new/hil_outputs/original_success_5nx_restlocal/10v10_seed100015/fig3b_lock_pressure.pdf>]
Overfull \hbox (1.39682pt too wide) in paragraph at lines 1552--1553
[]\T1/ntxtlf/m/n/9 To fur-ther iden-tify the sources of per-for-mance gain, observation-
 []


Overfull \hbox (1.47794pt too wide) in paragraph at lines 1577--1578
[]\T1/ntxtlf/m/n/9 In sum-mary, the pro-posed co-op-er-a-tive pen-e-tra-tion method forms
 []


Overfull \hbox (3.6371pt too wide) in paragraph at lines 1586--1587
[]\T1/ntxtlf/m/n/9 2) A co-op-er-a-tive task dynamic-reconfiguration mech-a-nism based
 []

LaTeX Font Info:    Font shape `T1/ntxtlf/m/it' will be
(Font)              scaled to size 8.0pt on input line 1595.
[19]
- LAST -
Extra skip:0.0pt
Left:510.0pt/1.12799pt
Right:510.0pt/1.732pt
Split: 510.0pt
Output:510.0pt
Pageshrink: 0.0pt
Pagestretch: 0.0pt
@colht:682.86615pt
FLUSHEND [output]: 510.0pt
FLUSHEND [leftcolumn badness]: 0
FUSHEND [rightcolumn badness]: 0
 [20] (./newswarm_cja_english.aux)
Package rerunfilecheck Info: File `newswarm_cja_english.out' has not changed.
(rerunfilecheck)             Checksum: 1913C34B64C6308B6F21A762D8BF5A47;4939.
 ) 
Here is how much of TeX's memory you used:
 20217 strings out of 478287
 346834 string characters out of 5849289
 650680 words of memory out of 5000000
 37852 multiletter control sequences out of 15000+600000
 633991 words of font info for 267 fonts, out of 8000000 for 9000
 1141 hyphenation exceptions out of 8191
 80i,19n,78p,3417b,738s stack positions out of 5000i,500n,10000p,200000b,80000s
{/usr/share/texlive/texmf-dist/fonts/enc/dvips/newtx/ntx-ot1-tlf.enc}{/usr/share/texmf/fonts/enc/dvips/tex-gyre/q-ec.enc}{/usr/share/texlive/texmf-dist/fonts/enc/dvips/newtx/ntx-ec-tlf.enc}</usr/share/texlive/texmf-dist/fonts/type1/public/newtx/NewTXBMI.pfb></usr/share/texlive/texmf-dist/fonts/type1/public/newtx/NewTXMI.pfb></usr/share/texlive/texmf-dist/fonts/type1/public/newtx/NewTXMI5.pfb></usr/share/texlive/texmf-dist/fonts/type1/public/newtx/NewTXMI7.pfb></usr/share/texmf/fonts/type1/public/tex-gyre/qhvb.pfb></usr/share/texlive/texmf-dist/fonts/type1/public/newtx/txexs.pfb></usr/share/texlive/texmf-dist/fonts/type1/public/newtx/txmiaX.pfb></usr/share/texlive/texmf-dist/fonts/type1/public/txfonts/txsyb.pfb></usr/share/texlive/texmf-dist/fonts/type1/public/newtx/txsys.pfb></usr/share/texlive/texmf-dist/fonts/type1/public/newtx/ztmb.pfb></usr/share/texlive/texmf-dist/fonts/type1/public/newtx/ztmr.pfb></usr/share/texlive/texmf-dist/fonts/type1/public/newtx/ztmri.pfb>
Output written on newswarm_cja_english.pdf (20 pages, 3159950 bytes).
PDF statistics:
 1489 PDF objects out of 1728 (max. 8388607)
 994 compressed objects within 10 object streams
 211 named destinations out of 1000 (max. 500000)
 326 words of extra memory for PDF output out of 10000 (max. 10000000)

